Unsupposrted library path: C:\Users\FiercePC\Downloads\Vulcan_Client (3)\Vulcan Client\build\classes\java\api
Unsupposrted library path: C:\Users\FiercePC\Downloads\Vulcan_Client (3)\Vulcan Client\build\resources\api
Symbol range map extraction starting
Processing 152 files
startProcessing "club/minnced/discord/rpc/DiscordEventHandlers.java" md5: a524fb1d515945c0baeb3837cfffc7ed
endProcessing "club/minnced/discord/rpc/DiscordEventHandlers.java"

startProcessing "club/minnced/discord/rpc/DiscordRPC.java" md5: 2e20e0880194ba00eb9bdbf3f48a9107
endProcessing "club/minnced/discord/rpc/DiscordRPC.java"

startProcessing "club/minnced/discord/rpc/DiscordRichPresence.java" md5: c2de93748474704646c093806eecb9f2
endProcessing "club/minnced/discord/rpc/DiscordRichPresence.java"

startProcessing "club/minnced/discord/rpc/DiscordUser.java" md5: ac49025c1bc9a55df1b21758fc97ee62
endProcessing "club/minnced/discord/rpc/DiscordUser.java"

startProcessing "club/minnced/discord/rpc/package-info.java" md5: b0a7c75627889ad3b30e81d6e3f7a117
endProcessing "club/minnced/discord/rpc/package-info.java"

startProcessing "me/ka1/vulcan/ClickGui2/ClickGUI2.java" md5: a4723e23a74e3518c634b697d8c82fc8
endProcessing "me/ka1/vulcan/ClickGui2/ClickGUI2.java"

startProcessing "me/ka1/vulcan/ClickGui2/buttons/BooleanComponent.java" md5: b9e76e8f775de1114dcbae5eee338325
endProcessing "me/ka1/vulcan/ClickGui2/buttons/BooleanComponent.java"

startProcessing "me/ka1/vulcan/ClickGui2/buttons/DoubleComponent.java" md5: 2bde3aa07e7a3784a216efd66975b397
endProcessing "me/ka1/vulcan/ClickGui2/buttons/DoubleComponent.java"

startProcessing "me/ka1/vulcan/ClickGui2/buttons/IntegerComponent.java" md5: 929ad478fa1352c5882e7826e4e08b13
endProcessing "me/ka1/vulcan/ClickGui2/buttons/IntegerComponent.java"

startProcessing "me/ka1/vulcan/ClickGui2/buttons/KeybindComponent.java" md5: 35a541aac28e86e982855b1d0da4e846
endProcessing "me/ka1/vulcan/ClickGui2/buttons/KeybindComponent.java"

startProcessing "me/ka1/vulcan/ClickGui2/buttons/ModeComponent.java" md5: c26770e2a458a434446ce2ecc190c087
endProcessing "me/ka1/vulcan/ClickGui2/buttons/ModeComponent.java"

startProcessing "me/ka1/vulcan/ClickGui2/frame/Buttons.java" md5: 6a42cef39c8dae48eb721d361451b528
endProcessing "me/ka1/vulcan/ClickGui2/frame/Buttons.java"

startProcessing "me/ka1/vulcan/ClickGui2/frame/Component.java" md5: 18eb21fbf3322b3fb4833928509d9112
endProcessing "me/ka1/vulcan/ClickGui2/frame/Component.java"

startProcessing "me/ka1/vulcan/ClickGui2/frame/Frames.java" md5: 5bdc1d8b6aeca2bae8cc5214eaaf044e
endProcessing "me/ka1/vulcan/ClickGui2/frame/Frames.java"

startProcessing "me/ka1/vulcan/ClickGui2/frame/Renderer.java" md5: 6127fd41c0f439f569cb93ce026c109f
endProcessing "me/ka1/vulcan/ClickGui2/frame/Renderer.java"

startProcessing "me/ka1/vulcan/ClickGui2/frame/SearchBar.java" md5: aeab0b62c717803ff2b62d8e8eed6b67
endProcessing "me/ka1/vulcan/ClickGui2/frame/SearchBar.java"

startProcessing "me/ka1/vulcan/Vulcan.java" md5: deb9a4bc0dd7f9a123eda3c84a5e169a
endProcessing "me/ka1/vulcan/Vulcan.java"

startProcessing "me/ka1/vulcan/VulcanRPC.java" md5: cc451477a534d708cf305f915fa63ffb
endProcessing "me/ka1/vulcan/VulcanRPC.java"

startProcessing "me/ka1/vulcan/clickgui/Buttons.java" md5: e79efacd2d33e128544d5d490c1cc927
endProcessing "me/ka1/vulcan/clickgui/Buttons.java"

startProcessing "me/ka1/vulcan/clickgui/ClickGUI.java" md5: 7c9809af9681a53dbc9b95ba17dc6e69
endProcessing "me/ka1/vulcan/clickgui/ClickGUI.java"

startProcessing "me/ka1/vulcan/clickgui/Component.java" md5: 1afb856eb4610595f1987a76940982f3
endProcessing "me/ka1/vulcan/clickgui/Component.java"

startProcessing "me/ka1/vulcan/clickgui/Frames.java" md5: c946c5df04c958cb3079c4cc24d89f4f
endProcessing "me/ka1/vulcan/clickgui/Frames.java"

startProcessing "me/ka1/vulcan/clickgui/buttons/BooleanComponent.java" md5: 459629b258c7a33189f9a96e95d3a51a
endProcessing "me/ka1/vulcan/clickgui/buttons/BooleanComponent.java"

startProcessing "me/ka1/vulcan/clickgui/buttons/DoubleComponent.java" md5: 3ca2957a78a86022808e89e30af8a1d4
endProcessing "me/ka1/vulcan/clickgui/buttons/DoubleComponent.java"

startProcessing "me/ka1/vulcan/clickgui/buttons/IntegerComponent.java" md5: 8600ea02d9bb3c50a7e51d8b2da1d7c2
endProcessing "me/ka1/vulcan/clickgui/buttons/IntegerComponent.java"

startProcessing "me/ka1/vulcan/clickgui/buttons/KeybindComponent.java" md5: 658a7e9df6bda092108485ffa05fa8f6
endProcessing "me/ka1/vulcan/clickgui/buttons/KeybindComponent.java"

startProcessing "me/ka1/vulcan/clickgui/buttons/ModeComponent.java" md5: f4cfc3fcfa21f903846afc3b579c5e2d
endProcessing "me/ka1/vulcan/clickgui/buttons/ModeComponent.java"

startProcessing "me/ka1/vulcan/command/Command.java" md5: 2c6e1e6269daa6ce11fa61338c0a17c4
endProcessing "me/ka1/vulcan/command/Command.java"

startProcessing "me/ka1/vulcan/command/CommandManager.java" md5: 973a7ae472f3a48e285bbd5a8f2a1319
endProcessing "me/ka1/vulcan/command/CommandManager.java"

startProcessing "me/ka1/vulcan/command/commands/BindCommand.java" md5: 2ae20366b89875827f16b783caa1bb21
endProcessing "me/ka1/vulcan/command/commands/BindCommand.java"

startProcessing "me/ka1/vulcan/command/commands/ConfigCommand.java" md5: cf483d920ce8b5ffd897839512b0cfce
endProcessing "me/ka1/vulcan/command/commands/ConfigCommand.java"

startProcessing "me/ka1/vulcan/command/commands/EnemyCommand.java" md5: bea7891f1d59057bd98c126b6f382372
endProcessing "me/ka1/vulcan/command/commands/EnemyCommand.java"

startProcessing "me/ka1/vulcan/command/commands/FontCommand.java" md5: fe510c2adddb75d8e261a3f4082ab172
endProcessing "me/ka1/vulcan/command/commands/FontCommand.java"

startProcessing "me/ka1/vulcan/command/commands/FriendCommand.java" md5: 854963de3d02f1912e771b4d00b65f00
endProcessing "me/ka1/vulcan/command/commands/FriendCommand.java"

startProcessing "me/ka1/vulcan/command/commands/NameMcCommand.java" md5: 0eabef294020cd1bc6ebf7ecdf3db764
endProcessing "me/ka1/vulcan/command/commands/NameMcCommand.java"

startProcessing "me/ka1/vulcan/command/commands/OpenFolderCommand.java" md5: 7dc3ed677c75208178194fbabb43602a
endProcessing "me/ka1/vulcan/command/commands/OpenFolderCommand.java"

startProcessing "me/ka1/vulcan/event/Event.java" md5: 2d55d3c84540dd6551a9c752ab901f74
endProcessing "me/ka1/vulcan/event/Event.java"

startProcessing "me/ka1/vulcan/event/EventCancellable.java" md5: 02059fb55a340ff6178cc42105e17ea7
endProcessing "me/ka1/vulcan/event/EventCancellable.java"

startProcessing "me/ka1/vulcan/event/EventProcessor.java" md5: 661de278e08e8fd4032f77d26e697cba
endProcessing "me/ka1/vulcan/event/EventProcessor.java"

startProcessing "me/ka1/vulcan/event/EventStageable.java" md5: 4245863b94af56c02d6ac3285d779ea8
endProcessing "me/ka1/vulcan/event/EventStageable.java"

startProcessing "me/ka1/vulcan/event/MinecraftEvent.java" md5: ee5a2e343a08b375f254c2559733fc45
endProcessing "me/ka1/vulcan/event/MinecraftEvent.java"

startProcessing "me/ka1/vulcan/event/events/EventNetworkPacketEvent.java" md5: 586b73d1f4b750e026fd890d0e3ad920
endProcessing "me/ka1/vulcan/event/events/EventNetworkPacketEvent.java"

startProcessing "me/ka1/vulcan/event/events/EventPlayerDamageBlock.java" md5: 22069603ff6c5519b6c14105f7206dc9
endProcessing "me/ka1/vulcan/event/events/EventPlayerDamageBlock.java"

startProcessing "me/ka1/vulcan/event/events/EventPlayerUpdate.java" md5: 9e0fa1780e9fe5ae68f07c5ffb930f8d
endProcessing "me/ka1/vulcan/event/events/EventPlayerUpdate.java"

startProcessing "me/ka1/vulcan/event/events/EventRenderEntityName.java" md5: 49321c8f7083c736afddd5a4841eed83
endProcessing "me/ka1/vulcan/event/events/EventRenderEntityName.java"

startProcessing "me/ka1/vulcan/event/events/PacketEvent.java" md5: e5e3a556a99493b8b5880def3a594985
endProcessing "me/ka1/vulcan/event/events/PacketEvent.java"

startProcessing "me/ka1/vulcan/event/events/PlayerJoinEvent.java" md5: badaab82c50393bb6246d461dfc1e23f
endProcessing "me/ka1/vulcan/event/events/PlayerJoinEvent.java"

startProcessing "me/ka1/vulcan/event/events/PlayerLeaveEvent.java" md5: 70f68c8053119fa97c03742aa47ca57f
endProcessing "me/ka1/vulcan/event/events/PlayerLeaveEvent.java"

startProcessing "me/ka1/vulcan/event/events/Render2DEvent.java" md5: 74ce48d6527e2e9da2c994a82429e3d2
endProcessing "me/ka1/vulcan/event/events/Render2DEvent.java"

startProcessing "me/ka1/vulcan/event/events/RenderEvent.java" md5: 0f9e3985af5bc6a8c2f87cba6788e24b
endProcessing "me/ka1/vulcan/event/events/RenderEvent.java"

startProcessing "me/ka1/vulcan/event/events/UpdateEvent.java" md5: bb7bc9ae9a8219ef2ee2b5f3d8c8428a
endProcessing "me/ka1/vulcan/event/events/UpdateEvent.java"

startProcessing "me/ka1/vulcan/macro/Macro.java" md5: 0ab414584687e63470f72cff048ea495
endProcessing "me/ka1/vulcan/macro/Macro.java"

startProcessing "me/ka1/vulcan/macro/MacroManager.java" md5: 016e02f566e9d18f730503abdb72577c
endProcessing "me/ka1/vulcan/macro/MacroManager.java"

startProcessing "me/ka1/vulcan/mixin/MixinLoader.java" md5: 8e95bb75a64c377d699847f78e848f62
endProcessing "me/ka1/vulcan/mixin/MixinLoader.java"

startProcessing "me/ka1/vulcan/mixin/mixins/MixinMinecraft.java" md5: c9a64693ecebf1d018d4f4dce5ad2d25
endProcessing "me/ka1/vulcan/mixin/mixins/MixinMinecraft.java"

startProcessing "me/ka1/vulcan/mixin/mixins/MixinNetworkManager.java" md5: 140f97a41679895c9871daf644013d72
endProcessing "me/ka1/vulcan/mixin/mixins/MixinNetworkManager.java"

startProcessing "me/ka1/vulcan/mixin/mixins/MixinRenderPlayer.java" md5: ce23a4fe9ff826d1b1b3d4cea8036534
endProcessing "me/ka1/vulcan/mixin/mixins/MixinRenderPlayer.java"

startProcessing "me/ka1/vulcan/module/Module.java" md5: 5b77e4abd68811fe9d840dd149cb1247
endProcessing "me/ka1/vulcan/module/Module.java"

startProcessing "me/ka1/vulcan/module/ModuleManager.java" md5: 626feeaa1e1243d89da54bf2ac695fb5
endProcessing "me/ka1/vulcan/module/ModuleManager.java"

startProcessing "me/ka1/vulcan/module/modules/Hud/ArrayList.java" md5: 3b8df3858e54a0d6aec473112cdd8b7f
endProcessing "me/ka1/vulcan/module/modules/Hud/ArrayList.java"

startProcessing "me/ka1/vulcan/module/modules/Hud/CombatInfo.java" md5: cf2ef36b6a0079c8dc92fe78f07f0e0d
endProcessing "me/ka1/vulcan/module/modules/Hud/CombatInfo.java"

startProcessing "me/ka1/vulcan/module/modules/Hud/Coordinates.java" md5: 5ed2004d74bbaf8907b748a099674e2b
endProcessing "me/ka1/vulcan/module/modules/Hud/Coordinates.java"

startProcessing "me/ka1/vulcan/module/modules/Hud/DatabaseCounter.java" md5: bb849c210a561f2e4bb0b1f669281620
endProcessing "me/ka1/vulcan/module/modules/Hud/DatabaseCounter.java"

startProcessing "me/ka1/vulcan/module/modules/Hud/FPS.java" md5: 4edcf87d7d96c9c45f174f470f01aae1
endProcessing "me/ka1/vulcan/module/modules/Hud/FPS.java"

startProcessing "me/ka1/vulcan/module/modules/Hud/HudEditor.java" md5: 46b1c7f20454a4af3d7666da71131623
endProcessing "me/ka1/vulcan/module/modules/Hud/HudEditor.java"

startProcessing "me/ka1/vulcan/module/modules/Hud/Inventory.java" md5: 08bf39ed70ed3f6ca5d2cb5931634573
endProcessing "me/ka1/vulcan/module/modules/Hud/Inventory.java"

startProcessing "me/ka1/vulcan/module/modules/Hud/Logo.java" md5: 5748b6a288c21156dd18315157218109
endProcessing "me/ka1/vulcan/module/modules/Hud/Logo.java"

startProcessing "me/ka1/vulcan/module/modules/Hud/TPS.java" md5: 5ff1f0e8fab84ddd8f9a48c6c00afff6
endProcessing "me/ka1/vulcan/module/modules/Hud/TPS.java"

startProcessing "me/ka1/vulcan/module/modules/Hud/TextRadar.java" md5: 49fbb2c618c50cd33b0f9ce308dfb840
endProcessing "me/ka1/vulcan/module/modules/Hud/TextRadar.java"

startProcessing "me/ka1/vulcan/module/modules/Hud/Time.java" md5: d256a3bf83df30f8580c64317255f34f
endProcessing "me/ka1/vulcan/module/modules/Hud/Time.java"

startProcessing "me/ka1/vulcan/module/modules/Hud/Watermark.java" md5: 687a62216f88dbdcb70f558e9a44b5b2
endProcessing "me/ka1/vulcan/module/modules/Hud/Watermark.java"

startProcessing "me/ka1/vulcan/module/modules/Hud/Welcomer.java" md5: df54dc56783b98b86809d7953c173050
endProcessing "me/ka1/vulcan/module/modules/Hud/Welcomer.java"

startProcessing "me/ka1/vulcan/module/modules/Hud/memory.java" md5: 5c8b80369b5c210ff837fed56a8b66a4
endProcessing "me/ka1/vulcan/module/modules/Hud/memory.java"

startProcessing "me/ka1/vulcan/module/modules/Hud/ping.java" md5: d5cc4e151f754f37dd06adf791dbd560
endProcessing "me/ka1/vulcan/module/modules/Hud/ping.java"

startProcessing "me/ka1/vulcan/module/modules/Hud/willy.java" md5: a4713eb85968513513d902c304e0f9a8
endProcessing "me/ka1/vulcan/module/modules/Hud/willy.java"

startProcessing "me/ka1/vulcan/module/modules/chat/AutoTPA.java" md5: c3b4ceeee273768c2c064f8e6c9b8a28
endProcessing "me/ka1/vulcan/module/modules/chat/AutoTPA.java"

startProcessing "me/ka1/vulcan/module/modules/chat/ChatEncrypt.java" md5: 432119de4e091690db96ce4ce148c610
endProcessing "me/ka1/vulcan/module/modules/chat/ChatEncrypt.java"

startProcessing "me/ka1/vulcan/module/modules/chat/ChatSuffix.java" md5: d7dd2e4cd9fbf1e70276c4ec3d67b621
endProcessing "me/ka1/vulcan/module/modules/chat/ChatSuffix.java"

startProcessing "me/ka1/vulcan/module/modules/client/ClickGuiModule.java" md5: b8552f639c9482f6e41c7e0ec4c4fb22
endProcessing "me/ka1/vulcan/module/modules/client/ClickGuiModule.java"

startProcessing "me/ka1/vulcan/module/modules/client/CommandColor.java" md5: c2974eae1736c2a575c08a3ffafa330a
endProcessing "me/ka1/vulcan/module/modules/client/CommandColor.java"

startProcessing "me/ka1/vulcan/module/modules/client/CustomFont.java" md5: ee2a64e374288a7b07f0aefc5efdcb4a
endProcessing "me/ka1/vulcan/module/modules/client/CustomFont.java"

startProcessing "me/ka1/vulcan/module/modules/client/DiscordRPC.java" md5: 50024e9b8d1425a3cb2adc5ebad9789a
endProcessing "me/ka1/vulcan/module/modules/client/DiscordRPC.java"

startProcessing "me/ka1/vulcan/module/modules/client/LoadConfig.java" md5: f5975026841ca037092f3631c7bb8b97
endProcessing "me/ka1/vulcan/module/modules/client/LoadConfig.java"

startProcessing "me/ka1/vulcan/module/modules/client/Rainbow.java" md5: a4570771fad64f45bba7d3a320fd5a8e
endProcessing "me/ka1/vulcan/module/modules/client/Rainbow.java"

startProcessing "me/ka1/vulcan/module/modules/client/TeamTux.java" md5: 76533bd561fd99885769b6c3b0613ace
endProcessing "me/ka1/vulcan/module/modules/client/TeamTux.java"

startProcessing "me/ka1/vulcan/module/modules/combat/AutoCrystal.java" md5: 0c03716bf5bd9195dbfac7712f0973e3
endProcessing "me/ka1/vulcan/module/modules/combat/AutoCrystal.java"

startProcessing "me/ka1/vulcan/module/modules/combat/AutoMend.java" md5: bcb72be9ede8353e3b9030c62e732aa9
endProcessing "me/ka1/vulcan/module/modules/combat/AutoMend.java"

startProcessing "me/ka1/vulcan/module/modules/combat/AutoTotem.java" md5: 764e5c5f68979b1680fb2c436d232571
endProcessing "me/ka1/vulcan/module/modules/combat/AutoTotem.java"

startProcessing "me/ka1/vulcan/module/modules/combat/BedAura.java" md5: 611881d78c14ad7a12f80302280d5ab2
endProcessing "me/ka1/vulcan/module/modules/combat/BedAura.java"

startProcessing "me/ka1/vulcan/module/modules/combat/BowAim.java" md5: bb91af862d8be67bd123d133d0b66de9
endProcessing "me/ka1/vulcan/module/modules/combat/BowAim.java"

startProcessing "me/ka1/vulcan/module/modules/combat/BowSpam.java" md5: 0ce42ac12b7b89db96f0506d34a426d4
endProcessing "me/ka1/vulcan/module/modules/combat/BowSpam.java"

startProcessing "me/ka1/vulcan/module/modules/combat/Burrow.java" md5: 689a546918cda7970cfd1412f16f4a43
endProcessing "me/ka1/vulcan/module/modules/combat/Burrow.java"

startProcessing "me/ka1/vulcan/module/modules/combat/BurrowBypass.java" md5: e1ce1360a941331b1947360a1e219e00
endProcessing "me/ka1/vulcan/module/modules/combat/BurrowBypass.java"

startProcessing "me/ka1/vulcan/module/modules/combat/EasyPearl.java" md5: 51a96f087738f5b7cf7f1545fbcdedee
endProcessing "me/ka1/vulcan/module/modules/combat/EasyPearl.java"

startProcessing "me/ka1/vulcan/module/modules/combat/ExpFast.java" md5: 4b74ce32d49e51eb94943ff3c83a5d48
endProcessing "me/ka1/vulcan/module/modules/combat/ExpFast.java"

startProcessing "me/ka1/vulcan/module/modules/combat/GhostEXP.java" md5: d461fd8671208e8556a653bc97c6a3c6
    Compile Error! Pb(1201) Unlikely argument type for equals(): Item seems to be unrelated to ItemStack
endProcessing "me/ka1/vulcan/module/modules/combat/GhostEXP.java"

startProcessing "me/ka1/vulcan/module/modules/combat/KillAura.java" md5: f77e502aa21e9ae24aea048c1d27f6ea
endProcessing "me/ka1/vulcan/module/modules/combat/KillAura.java"

startProcessing "me/ka1/vulcan/module/modules/combat/SelfTrap.java" md5: 9fe2c34e5fb4a0ae8e44aa562d8ad5f1
endProcessing "me/ka1/vulcan/module/modules/combat/SelfTrap.java"

startProcessing "me/ka1/vulcan/module/modules/combat/Surround.java" md5: a69ce19305cb7bc8d832ac411cca473c
endProcessing "me/ka1/vulcan/module/modules/combat/Surround.java"

startProcessing "me/ka1/vulcan/module/modules/combat/spiderman.java" md5: f07c4f0c72da95bc9ec6bfb53704a33b
endProcessing "me/ka1/vulcan/module/modules/combat/spiderman.java"

startProcessing "me/ka1/vulcan/module/modules/misc/AntiAim.java" md5: ff7d616dbb6147ac4eeb1d6fdeb5cea4
endProcessing "me/ka1/vulcan/module/modules/misc/AntiAim.java"

startProcessing "me/ka1/vulcan/module/modules/misc/ArmorNotification.java" md5: 7a5ced2f7e6f7936ca8e17365a55652f
endProcessing "me/ka1/vulcan/module/modules/misc/ArmorNotification.java"

startProcessing "me/ka1/vulcan/module/modules/misc/FakePlayer.java" md5: 5ecd0fbc8e171c840cb3230affa2e7e2
endProcessing "me/ka1/vulcan/module/modules/misc/FakePlayer.java"

startProcessing "me/ka1/vulcan/module/modules/misc/FastPlace.java" md5: 9f09d068ffb293ba0b3d7188b81ee717
endProcessing "me/ka1/vulcan/module/modules/misc/FastPlace.java"

startProcessing "me/ka1/vulcan/module/modules/misc/GhastNotifier.java" md5: 1564341966910c59db55267d0aa8b307
endProcessing "me/ka1/vulcan/module/modules/misc/GhastNotifier.java"

startProcessing "me/ka1/vulcan/module/modules/misc/RageQuit.java" md5: 450b5af739e5d6ee7202292aecbe8d50
endProcessing "me/ka1/vulcan/module/modules/misc/RageQuit.java"

startProcessing "me/ka1/vulcan/module/modules/movement/MoonWalk.java" md5: 6c415eec5065eef6288b74b36f05f392
endProcessing "me/ka1/vulcan/module/modules/movement/MoonWalk.java"

startProcessing "me/ka1/vulcan/module/modules/movement/ReverseStep.java" md5: 1731d34e23bb2fc349dcc9d9b63a3ae3
endProcessing "me/ka1/vulcan/module/modules/movement/ReverseStep.java"

startProcessing "me/ka1/vulcan/module/modules/movement/Sprint.java" md5: f3afb05f9f1c5b9d1b2fb79a889f8df6
endProcessing "me/ka1/vulcan/module/modules/movement/Sprint.java"

startProcessing "me/ka1/vulcan/module/modules/movement/Step.java" md5: 31490cc0a3f3462b9e986cdb07cfb599
endProcessing "me/ka1/vulcan/module/modules/movement/Step.java"

startProcessing "me/ka1/vulcan/module/modules/player/FastCrystal.java" md5: c9fe627761be1fb0a0180aa6c8a4df47
endProcessing "me/ka1/vulcan/module/modules/player/FastCrystal.java"

startProcessing "me/ka1/vulcan/module/modules/player/FastEXP.java" md5: 309820345847411ae135fecfc0c21863
endProcessing "me/ka1/vulcan/module/modules/player/FastEXP.java"

startProcessing "me/ka1/vulcan/module/modules/player/MountBypass.java" md5: 958087413128e0d9dfcca44541510a70
endProcessing "me/ka1/vulcan/module/modules/player/MountBypass.java"

startProcessing "me/ka1/vulcan/module/modules/player/OldFagDupe.java" md5: b790bd014fd81c042bd7aea307b93fcf
endProcessing "me/ka1/vulcan/module/modules/player/OldFagDupe.java"

startProcessing "me/ka1/vulcan/module/modules/player/PotionDetect.java" md5: e06548fa3a6161139a2c18439276ca07
endProcessing "me/ka1/vulcan/module/modules/player/PotionDetect.java"

startProcessing "me/ka1/vulcan/module/modules/player/Suicide.java" md5: 8ea5a9d9cd1ec9c702a7ad2e6768cecd
endProcessing "me/ka1/vulcan/module/modules/player/Suicide.java"

startProcessing "me/ka1/vulcan/module/modules/player/Xcarry.java" md5: 6102ccdd2a3e0c121cd347d6786a9d62
endProcessing "me/ka1/vulcan/module/modules/player/Xcarry.java"

startProcessing "me/ka1/vulcan/module/modules/render/BlockHighlight.java" md5: ec69c9a78e3e20f01087be754b1ffdfb
endProcessing "me/ka1/vulcan/module/modules/render/BlockHighlight.java"

startProcessing "me/ka1/vulcan/module/modules/render/Esp.java" md5: f8151315fc14b1a32c55b67b5c17bb00
endProcessing "me/ka1/vulcan/module/modules/render/Esp.java"

startProcessing "me/ka1/vulcan/module/modules/render/FOVSlider.java" md5: 622969c08e87d0d95ead97b51eb3ef75
endProcessing "me/ka1/vulcan/module/modules/render/FOVSlider.java"

startProcessing "me/ka1/vulcan/module/modules/render/FpsLimiter.java" md5: bb86a33724516ee1cc74083cb4390d0c
endProcessing "me/ka1/vulcan/module/modules/render/FpsLimiter.java"

startProcessing "me/ka1/vulcan/module/modules/render/Fullbright.java" md5: c489a0ac9d4cbbf8776e58ac75edf22d
endProcessing "me/ka1/vulcan/module/modules/render/Fullbright.java"

startProcessing "me/ka1/vulcan/module/modules/render/HoleESP.java" md5: 8daeb3e71196dcd602fb6d729eb5bb07
endProcessing "me/ka1/vulcan/module/modules/render/HoleESP.java"

startProcessing "me/ka1/vulcan/module/modules/render/LowHands.java" md5: 7ebfeb870a33e46fea1e808d86743e9e
endProcessing "me/ka1/vulcan/module/modules/render/LowHands.java"

startProcessing "me/ka1/vulcan/module/modules/render/Nametags.java" md5: ae1c5e530039648d5ce7ff647cd23f01
endProcessing "me/ka1/vulcan/module/modules/render/Nametags.java"

startProcessing "me/ka1/vulcan/module/modules/render/Tracers.java" md5: 7d355cda764ea2df746d72818de7f86c
endProcessing "me/ka1/vulcan/module/modules/render/Tracers.java"

startProcessing "me/ka1/vulcan/module/modules/render/Zoom.java" md5: c033dcd664be7f6d93994e8668d70df6
endProcessing "me/ka1/vulcan/module/modules/render/Zoom.java"

startProcessing "me/ka1/vulcan/setting/Setting.java" md5: 68b4a06c7f2d05ebcbfb47d85c12e554
endProcessing "me/ka1/vulcan/setting/Setting.java"

startProcessing "me/ka1/vulcan/setting/SettingsManager.java" md5: 7f16e6264671f72fa4445f37e25fd423
endProcessing "me/ka1/vulcan/setting/SettingsManager.java"

startProcessing "me/ka1/vulcan/util/BlockInteractionHelper.java" md5: ae8839cfb82cb38f2acc8557c83b8508
endProcessing "me/ka1/vulcan/util/BlockInteractionHelper.java"

startProcessing "me/ka1/vulcan/util/BurrowUtil.java" md5: bdffd5bdb4fbcb6870206b28fc03b918
endProcessing "me/ka1/vulcan/util/BurrowUtil.java"

startProcessing "me/ka1/vulcan/util/GeometryMasks.java" md5: 99df3fd8a74f2ffbe2773ede4ff3813d
endProcessing "me/ka1/vulcan/util/GeometryMasks.java"

startProcessing "me/ka1/vulcan/util/MovementUtils.java" md5: f61364316326e2b8c74cb3a4b6ef0631
endProcessing "me/ka1/vulcan/util/MovementUtils.java"

startProcessing "me/ka1/vulcan/util/RenderUtil.java" md5: f4ee57510cb7c0445f2a83910c40cff9
endProcessing "me/ka1/vulcan/util/RenderUtil.java"

startProcessing "me/ka1/vulcan/util/Timer.java" md5: 763bc2376fbcaff632f3dffaf81a08b6
endProcessing "me/ka1/vulcan/util/Timer.java"

startProcessing "me/ka1/vulcan/util/TpsUtils.java" md5: 0be330aa4394b13287884edc1993de8f
endProcessing "me/ka1/vulcan/util/TpsUtils.java"

startProcessing "me/ka1/vulcan/util/Wrapper.java" md5: d954cb5f67060b850ebeb043920ceb22
endProcessing "me/ka1/vulcan/util/Wrapper.java"

startProcessing "me/ka1/vulcan/util/colors/ColourUtilities.java" md5: 40921776d347edac62c3e5d6b07cdfb9
endProcessing "me/ka1/vulcan/util/colors/ColourUtilities.java"

startProcessing "me/ka1/vulcan/util/config/LoadConfiguration.java" md5: 2e972adad73ec2fb13f6e5dd4b8b115e
endProcessing "me/ka1/vulcan/util/config/LoadConfiguration.java"

startProcessing "me/ka1/vulcan/util/config/LoadModules.java" md5: 3e32d5e63996fe76048cea85a2dd8814
endProcessing "me/ka1/vulcan/util/config/LoadModules.java"

startProcessing "me/ka1/vulcan/util/config/SaveConfiguration.java" md5: 90783a9989f213c2a22e053bf5ed280b
endProcessing "me/ka1/vulcan/util/config/SaveConfiguration.java"

startProcessing "me/ka1/vulcan/util/config/SaveModules.java" md5: 35e966847f4e5ac271be5d24f25b18d2
endProcessing "me/ka1/vulcan/util/config/SaveModules.java"

startProcessing "me/ka1/vulcan/util/config/Stopper.java" md5: 9e5ad064ab4a4da79c277dddac3e4a02
endProcessing "me/ka1/vulcan/util/config/Stopper.java"

startProcessing "me/ka1/vulcan/util/enemy/Enemies.java" md5: d47ad6654f9d67d878518a06cde498a6
endProcessing "me/ka1/vulcan/util/enemy/Enemies.java"

startProcessing "me/ka1/vulcan/util/enemy/Enemy.java" md5: 3ef1308c1097a14405487c8831ad3689
endProcessing "me/ka1/vulcan/util/enemy/Enemy.java"

startProcessing "me/ka1/vulcan/util/entities/EntityUtil.java" md5: c602c17161d81a7c88e0b65dc928ecf2
endProcessing "me/ka1/vulcan/util/entities/EntityUtil.java"

startProcessing "me/ka1/vulcan/util/font/CFont.java" md5: 71dbe610bba28b40ec4bc32dc959e4b7
endProcessing "me/ka1/vulcan/util/font/CFont.java"

startProcessing "me/ka1/vulcan/util/font/CFontRenderer.java" md5: a03e25dd5cc12cbad6cf76bf8f4b4d8c
endProcessing "me/ka1/vulcan/util/font/CFontRenderer.java"

startProcessing "me/ka1/vulcan/util/font/FontUtils.java" md5: 8e8e089e74780beed073f1b985e69e96
endProcessing "me/ka1/vulcan/util/font/FontUtils.java"

startProcessing "me/ka1/vulcan/util/friend/Friend.java" md5: 52716c76a7b7decc02b079dae62a0d84
endProcessing "me/ka1/vulcan/util/friend/Friend.java"

startProcessing "me/ka1/vulcan/util/friend/Friends.java" md5: 57ddf373caec7ce72e25b2546315042a
endProcessing "me/ka1/vulcan/util/friend/Friends.java"

startProcessing "me/ka1/vulcan/util/maths/MathUtil.java" md5: 0b541f8ebd56014a79bb381a6e843830
endProcessing "me/ka1/vulcan/util/maths/MathUtil.java"

